<?xml version="1.0" encoding="UTF-8"?>
<testsuite xmlns:xsi="http://www.w3.org/2001/XMLSchema-instance" xsi:noNamespaceSchemaLocation="https://maven.apache.org/surefire/maven-surefire-plugin/xsd/surefire-test-report-3.0.xsd" version="3.0" name="edu.norcocollege.cis18b.week6.mini07.GenericAbstractFactoryTest" time="0.156" tests="3" errors="0" skipped="0" failures="0">
  <properties>
[...]
</properties>
  <testcase name="rendersCampusFamily" classname="edu.norcocollege.cis18b.week6.mini07.GenericAbstractFactoryTest" time="0.099"/>
  <testcase name="factoryProducesExpectedConcreteTypes" classname="edu.norcocollege.cis18b.week6.mini07.GenericAbstractFactoryTest" time="0.007"/>
  <testcase name="rendersMobileFamily" classname="edu.norcocollege.cis18b.week6.mini07.GenericAbstractFactoryTest" time="0.004"/>
</testsuite>